<?xml version="1.0" encoding="UTF-8"?>
<!-- Generated by org.testng.reporters.JUnitReportReporter -->
<testsuite hostname="MSI" failures="0" tests="1" name="com.parabank.parasoft.TestClasses.Verify_Login_Functionality" time="7.375" errors="0" timestamp="2022-07-28T14:56:45 IST" skipped="0">
  <testcase classname="com.parabank.parasoft.TestClasses.Verify_Login_Functionality" name="LogInFunctionality" time="7.375"/>
  <system-out/>
</testsuite> <!-- com.parabank.parasoft.TestClasses.Verify_Login_Functionality -->
